<?xml version="1.0" encoding="UTF-8"?>
<!-- Generated by org.testng.reporters.JUnitXMLReporter -->
<testsuite ignored="0" hostname="Nikita" failures="1" tests="3" name="Submit Order Test" time="74.983" errors="0" timestamp="2024-06-29T11:11:23 IST">
  <testcase classname="ecomautomation.SubmitOrderTest" name="submitOrder" time="18.753"/>
  <testcase classname="ecomautomation.SubmitOrderTest" name="submitOrder" time="17.931">
    <skipped/>
  </testcase> <!-- submitOrder -->
  <testcase classname="ecomautomation.SubmitOrderTest" name="submitOrder" time="17.799">
    <failure type="java.lang.NullPointerException" message="Cannot invoke &amp;quot;ecomautomation.pageobjects.PlaceOrderPage.placeOrder(String)&amp;quot; because &amp;quot;placeOrder&amp;quot; is null">
      <![CDATA[java.lang.NullPointerException: Cannot invoke "ecomautomation.pageobjects.PlaceOrderPage.placeOrder(String)" because "placeOrder" is null
at ecomautomation.SubmitOrderTest.submitOrder(SubmitOrderTest.java:47)
at java.base/java.util.ArrayList.forEach(ArrayList.java:1597)
at java.base/java.util.concurrent.FutureTask.run(FutureTask.java:317)
at java.base/java.util.concurrent.ThreadPoolExecutor.runWorker(ThreadPoolExecutor.java:1144)
at java.base/java.util.concurrent.ThreadPoolExecutor$Worker.run(ThreadPoolExecutor.java:642)
at java.base/java.lang.Thread.run(Thread.java:1570)
... Removed 15 stack frames]]>
    </failure>
  </testcase> <!-- submitOrder -->
</testsuite> <!-- Submit Order Test -->
